<?xml version="1.0" encoding="UTF-8"?>
<!-- Generated by org.testng.reporters.JUnitReportReporter -->
<testsuite hostname="rizwans-mbp.mynet" failures="0" tests="1" name="SumValidation" time="1.795" errors="0" timestamp="2020-06-10T14:35:45 BST" skipped="0">
  <testcase classname="SumValidation" name="sumOfCourses" time="1.795"/>
  <system-out/>
</testsuite> <!-- SumValidation -->
