<?xml version="1.0" encoding="UTF-8"?>
<!-- Generated by org.testng.reporters.JUnitReportReporter -->
<testsuite hostname="rizwans-mbp.mynet" failures="0" tests="3" name="files.DynamicJson" time="3.808" errors="0" timestamp="2020-06-12T09:24:12 BST" skipped="0">
  <testcase classname="files.DynamicJson" name="addBook" time="3.048"/>
  <system-out/>
  <testcase classname="files.DynamicJson" name="addBook" time="0.391"/>
  <system-out/>
  <testcase classname="files.DynamicJson" name="addBook" time="0.369"/>
  <system-out/>
</testsuite> <!-- files.DynamicJson -->
