<?xml version="1.0" encoding="UTF-8"?>
<!-- Generated by org.testng.reporters.JUnitReportReporter -->
<testsuite hostname="rizwans-mbp.mynet" failures="0" tests="1" name="files.StaticJson" time="2.878" errors="0" timestamp="2020-06-12T09:46:05 BST" skipped="0">
  <testcase classname="files.StaticJson" name="addBook" time="2.878"/>
  <system-out/>
</testsuite> <!-- files.StaticJson -->
