<?xml version="1.0" encoding="UTF-8"?>
<!-- Generated by org.testng.reporters.JUnitReportReporter -->
<testsuite hostname="rizwans-mbp.mynet" failures="0" tests="1" name="files.DynamicJson" time="3.475" errors="0" timestamp="2020-06-11T17:09:24 BST" skipped="0">
  <testcase classname="files.DynamicJson" name="addBook" time="3.475"/>
  <system-out/>
</testsuite> <!-- files.DynamicJson -->
