<?xml version="1.0" encoding="UTF-8"?>
<!-- Generated by org.testng.reporters.JUnitReportReporter -->
<testsuite hostname="rizwans-mbp.mynet" failures="0" tests="3" name="files.DynamicJson" time="4.412" errors="0" timestamp="2020-06-12T09:10:08 BST" skipped="0">
  <testcase classname="files.DynamicJson" name="addBook" time="0.372"/>
  <system-out/>
  <testcase classname="files.DynamicJson" name="addBook" time="3.681"/>
  <system-out/>
  <testcase classname="files.DynamicJson" name="addBook" time="0.359"/>
  <system-out/>
</testsuite> <!-- files.DynamicJson -->
